-------------------------------------------------------------------------------
Test set: com.example.EcommerceSportyShoes.EcommerceSportyShoesApplicationTests
-------------------------------------------------------------------------------
Tests run: 1, Failures: 0, Errors: 1, Skipped: 0, Time elapsed: 5.12 s <<< FAILURE! - in com.example.EcommerceSportyShoes.EcommerceSportyShoesApplicationTests
contextLoads  Time elapsed: 0.002 s  <<< ERROR!
java.lang.IllegalStateException: Failed to load ApplicationContext
Caused by: org.springframework.beans.factory.UnsatisfiedDependencyException: Error creating bean with name 'productController': Unsatisfied dependency expressed through field 'proService'; nested exception is org.springframework.beans.factory.UnsatisfiedDependencyException: Error creating bean with name 'productsService': Unsatisfied dependency expressed through field 'productsRepo'; nested exception is org.springframework.beans.factory.BeanCreationException: Error creating bean with name 'productRepository' defined in com.example.EcommerceSportyShoes.repository.ProductRepository defined in @EnableJpaRepositories declared on EcommerceSportyShoesApplication: Invocation of init method failed; nested exception is org.springframework.data.repository.query.QueryCreationException: Could not create query for public abstract java.util.List com.example.EcommerceSportyShoes.repository.ProductRepository.findList(java.lang.String); Reason: Failed to create query for method public abstract java.util.List com.example.EcommerceSportyShoes.repository.ProductRepository.findList(java.lang.String)! No property 'findList' found for type 'Products'; nested exception is java.lang.IllegalArgumentException: Failed to create query for method public abstract java.util.List com.example.EcommerceSportyShoes.repository.ProductRepository.findList(java.lang.String)! No property 'findList' found for type 'Products'
Caused by: org.springframework.beans.factory.UnsatisfiedDependencyException: Error creating bean with name 'productsService': Unsatisfied dependency expressed through field 'productsRepo'; nested exception is org.springframework.beans.factory.BeanCreationException: Error creating bean with name 'productRepository' defined in com.example.EcommerceSportyShoes.repository.ProductRepository defined in @EnableJpaRepositories declared on EcommerceSportyShoesApplication: Invocation of init method failed; nested exception is org.springframework.data.repository.query.QueryCreationException: Could not create query for public abstract java.util.List com.example.EcommerceSportyShoes.repository.ProductRepository.findList(java.lang.String); Reason: Failed to create query for method public abstract java.util.List com.example.EcommerceSportyShoes.repository.ProductRepository.findList(java.lang.String)! No property 'findList' found for type 'Products'; nested exception is java.lang.IllegalArgumentException: Failed to create query for method public abstract java.util.List com.example.EcommerceSportyShoes.repository.ProductRepository.findList(java.lang.String)! No property 'findList' found for type 'Products'
Caused by: org.springframework.beans.factory.BeanCreationException: Error creating bean with name 'productRepository' defined in com.example.EcommerceSportyShoes.repository.ProductRepository defined in @EnableJpaRepositories declared on EcommerceSportyShoesApplication: Invocation of init method failed; nested exception is org.springframework.data.repository.query.QueryCreationException: Could not create query for public abstract java.util.List com.example.EcommerceSportyShoes.repository.ProductRepository.findList(java.lang.String); Reason: Failed to create query for method public abstract java.util.List com.example.EcommerceSportyShoes.repository.ProductRepository.findList(java.lang.String)! No property 'findList' found for type 'Products'; nested exception is java.lang.IllegalArgumentException: Failed to create query for method public abstract java.util.List com.example.EcommerceSportyShoes.repository.ProductRepository.findList(java.lang.String)! No property 'findList' found for type 'Products'
Caused by: org.springframework.data.repository.query.QueryCreationException: Could not create query for public abstract java.util.List com.example.EcommerceSportyShoes.repository.ProductRepository.findList(java.lang.String); Reason: Failed to create query for method public abstract java.util.List com.example.EcommerceSportyShoes.repository.ProductRepository.findList(java.lang.String)! No property 'findList' found for type 'Products'; nested exception is java.lang.IllegalArgumentException: Failed to create query for method public abstract java.util.List com.example.EcommerceSportyShoes.repository.ProductRepository.findList(java.lang.String)! No property 'findList' found for type 'Products'
Caused by: java.lang.IllegalArgumentException: Failed to create query for method public abstract java.util.List com.example.EcommerceSportyShoes.repository.ProductRepository.findList(java.lang.String)! No property 'findList' found for type 'Products'
Caused by: org.springframework.data.mapping.PropertyReferenceException: No property 'findList' found for type 'Products'

